app/build/intermediates/manifest_merge_blame_file/debug/manifest-merger-blame-debug-report.txt
1<?xml version="1.0" encoding="utf-8"?>
2<manifest xmlns:android="http://schemas.android.com/apk/res/android"
3    package="com.touchizen.drawerwithbottomnavigation"
4    android:versionCode="1"
5    android:versionName="1.0" >
6
7    <uses-sdk
8        android:minSdkVersion="17"
8-->src\main\AndroidManifest.xml
9        android:targetSdkVersion="30" />
9-->src\main\AndroidManifest.xml
10
11    <uses-permission android:name="android.permission.INTERNET" />
11-->src\main\AndroidManifest.xml:6:5-67
11-->src\main\AndroidManifest.xml:6:22-64
12    <uses-permission android:name="android.permission.READ_EXTERNAL_STORAGE" />
12-->src\main\AndroidManifest.xml:7:5-80
12-->src\main\AndroidManifest.xml:7:22-77
13    <uses-permission android:name="android.permission.READ_INTERNAL_STORAGE" />
13-->src\main\AndroidManifest.xml:8:5-80
13-->src\main\AndroidManifest.xml:8:22-77
14    <uses-permission android:name="android.permission.ACCESS_NETWORK_STATE" />
14-->src\main\AndroidManifest.xml:9:5-79
14-->src\main\AndroidManifest.xml:9:22-76
15    <uses-permission android:name="android.permission.WRITE_EXTERNAL_STORAGE" />
15-->src\main\AndroidManifest.xml:10:5-81
15-->src\main\AndroidManifest.xml:10:22-78
16    <uses-permission android:name="android.permission.CAMERA" />
16-->src\main\AndroidManifest.xml:11:5-65
16-->src\main\AndroidManifest.xml:11:22-62
17
18    <application
18-->src\main\AndroidManifest.xml:13:5-274:19
19        android:allowBackup="true"
19-->src\main\AndroidManifest.xml:14:9-35
20        android:appComponentFactory="androidx.core.app.CoreComponentFactory"
20-->[androidx.core:core:1.3.1] AndroidManifest.xml:24:18-86
21        android:debuggable="true"
22        android:icon="@mipmap/ic_launcher"
22-->src\main\AndroidManifest.xml:15:9-43
23        android:label="@string/app_name"
23-->src\main\AndroidManifest.xml:16:9-41
24        android:roundIcon="@mipmap/ic_launcher_round"
24-->src\main\AndroidManifest.xml:17:9-54
25        android:supportsRtl="true"
25-->src\main\AndroidManifest.xml:18:9-35
26        android:testOnly="true"
27        android:theme="@style/AppTheme" >
27-->src\main\AndroidManifest.xml:19:9-40
28        <activity
28-->src\main\AndroidManifest.xml:20:9-22:40
29            android:name="com.touchizen.drawerwithbottomnavigation.ResetPasswordActivity"
29-->src\main\AndroidManifest.xml:21:13-50
30            android:exported="false" />
30-->src\main\AndroidManifest.xml:22:13-37
31        <activity
31-->src\main\AndroidManifest.xml:23:9-25:40
32            android:name="com.touchizen.drawerwithbottomnavigation.SignupActivity"
32-->src\main\AndroidManifest.xml:24:13-43
33            android:exported="false" />
33-->src\main\AndroidManifest.xml:25:13-37
34        <activity
34-->src\main\AndroidManifest.xml:26:9-34:20
35            android:name="com.touchizen.drawerwithbottomnavigation.LoginActivity"
35-->src\main\AndroidManifest.xml:27:13-42
36            android:exported="true" >
36-->src\main\AndroidManifest.xml:28:13-36
37            <intent-filter>
37-->src\main\AndroidManifest.xml:29:13-33:29
38                <action android:name="android.intent.action.MAIN" />
38-->src\main\AndroidManifest.xml:30:17-69
38-->src\main\AndroidManifest.xml:30:25-66
39
40                <category android:name="android.intent.category.LAUNCHER" />
40-->src\main\AndroidManifest.xml:32:17-77
40-->src\main\AndroidManifest.xml:32:27-74
41            </intent-filter>
42        </activity>
43        <activity
43-->src\main\AndroidManifest.xml:35:9-37:40
44            android:name="com.touchizen.drawerwithbottomnavigation.MainActivity2"
44-->src\main\AndroidManifest.xml:36:13-42
45            android:exported="false" />
45-->src\main\AndroidManifest.xml:37:13-37
46        <activity
46-->src\main\AndroidManifest.xml:38:9-40:40
47            android:name="com.touchizen.drawerwithbottomnavigation.Complaints.Complain_card_activity"
47-->src\main\AndroidManifest.xml:39:13-62
48            android:exported="false" />
48-->src\main\AndroidManifest.xml:40:13-37
49        <activity
49-->src\main\AndroidManifest.xml:41:9-43:40
50            android:name="com.touchizen.drawerwithbottomnavigation.Complaints.Complain_add"
50-->src\main\AndroidManifest.xml:42:13-52
51            android:exported="false" />
51-->src\main\AndroidManifest.xml:43:13-37
52        <activity
52-->src\main\AndroidManifest.xml:44:9-46:40
53            android:name="com.touchizen.drawerwithbottomnavigation.parking.G_BLOCK"
53-->src\main\AndroidManifest.xml:45:13-44
54            android:exported="false" />
54-->src\main\AndroidManifest.xml:46:13-37
55        <activity
55-->src\main\AndroidManifest.xml:47:9-49:40
56            android:name="com.touchizen.drawerwithbottomnavigation.parking.F_BLOCK"
56-->src\main\AndroidManifest.xml:48:13-44
57            android:exported="false" />
57-->src\main\AndroidManifest.xml:49:13-37
58        <activity
58-->src\main\AndroidManifest.xml:50:9-52:40
59            android:name="com.touchizen.drawerwithbottomnavigation.parking.E_BLOCK"
59-->src\main\AndroidManifest.xml:51:13-44
60            android:exported="false" />
60-->src\main\AndroidManifest.xml:52:13-37
61        <activity
61-->src\main\AndroidManifest.xml:53:9-55:40
62            android:name="com.touchizen.drawerwithbottomnavigation.parking.D_BLOCK"
62-->src\main\AndroidManifest.xml:54:13-44
63            android:exported="false" />
63-->src\main\AndroidManifest.xml:55:13-37
64        <activity
64-->src\main\AndroidManifest.xml:56:9-58:40
65            android:name="com.touchizen.drawerwithbottomnavigation.parking.C_BLOCK"
65-->src\main\AndroidManifest.xml:57:13-44
66            android:exported="false" />
66-->src\main\AndroidManifest.xml:58:13-37
67        <activity
67-->src\main\AndroidManifest.xml:59:9-63:69
68            android:name="com.touchizen.drawerwithbottomnavigation.parking.B_BLOCK"
68-->src\main\AndroidManifest.xml:60:13-44
69            android:exported="false"
69-->src\main\AndroidManifest.xml:61:13-37
70            android:label="A Block"
70-->src\main\AndroidManifest.xml:62:13-36
71            android:parentActivityName="com.touchizen.drawerwithbottomnavigation.parking.Request_Parking" />
71-->src\main\AndroidManifest.xml:63:13-66
72        <activity
72-->src\main\AndroidManifest.xml:64:9-68:69
73            android:name="com.touchizen.drawerwithbottomnavigation.parking.A_BLOCK"
73-->src\main\AndroidManifest.xml:65:13-44
74            android:exported="false"
74-->src\main\AndroidManifest.xml:66:13-37
75            android:label="B Block"
75-->src\main\AndroidManifest.xml:67:13-36
76            android:parentActivityName="com.touchizen.drawerwithbottomnavigation.parking.Request_Parking" />
76-->src\main\AndroidManifest.xml:68:13-66
77        <activity
77-->src\main\AndroidManifest.xml:69:9-74:52
78            android:name="com.touchizen.drawerwithbottomnavigation.SettingActivity"
78-->src\main\AndroidManifest.xml:70:13-44
79            android:exported="false"
79-->src\main\AndroidManifest.xml:71:13-37
80            android:label="Setting"
80-->src\main\AndroidManifest.xml:72:13-36
81            android:parentActivityName="com.touchizen.drawerwithbottomnavigation.ContactTeamCardActivity"
81-->src\main\AndroidManifest.xml:73:13-66
82            android:screenOrientation="portrait" />
82-->src\main\AndroidManifest.xml:74:13-49
83        <activity
83-->src\main\AndroidManifest.xml:75:9-80:52
84            android:name="com.touchizen.drawerwithbottomnavigation.Add_books_market"
84-->src\main\AndroidManifest.xml:76:13-45
85            android:exported="false"
85-->src\main\AndroidManifest.xml:77:13-37
86            android:label="Add Book"
86-->src\main\AndroidManifest.xml:78:13-37
87            android:parentActivityName="com.touchizen.drawerwithbottomnavigation.MarketplaceCardActivity"
87-->src\main\AndroidManifest.xml:79:13-66
88            android:screenOrientation="portrait" />
88-->src\main\AndroidManifest.xml:80:13-49
89        <activity
89-->src\main\AndroidManifest.xml:81:9-86:52
90            android:name="com.touchizen.drawerwithbottomnavigation.Add_sports_market"
90-->src\main\AndroidManifest.xml:82:13-46
91            android:exported="false"
91-->src\main\AndroidManifest.xml:83:13-37
92            android:label="Add Sports"
92-->src\main\AndroidManifest.xml:84:13-39
93            android:parentActivityName="com.touchizen.drawerwithbottomnavigation.MarketplaceCardActivity"
93-->src\main\AndroidManifest.xml:85:13-66
94            android:screenOrientation="portrait" />
94-->src\main\AndroidManifest.xml:86:13-49
95        <activity
95-->src\main\AndroidManifest.xml:87:9-92:52
96            android:name="com.touchizen.drawerwithbottomnavigation.Add_pets_market"
96-->src\main\AndroidManifest.xml:88:13-44
97            android:exported="false"
97-->src\main\AndroidManifest.xml:89:13-37
98            android:label="Add Pets"
98-->src\main\AndroidManifest.xml:90:13-37
99            android:parentActivityName="com.touchizen.drawerwithbottomnavigation.MarketplaceCardActivity"
99-->src\main\AndroidManifest.xml:91:13-66
100            android:screenOrientation="portrait" />
100-->src\main\AndroidManifest.xml:92:13-49
101        <activity
101-->src\main\AndroidManifest.xml:93:9-98:52
102            android:name="com.touchizen.drawerwithbottomnavigation.Add_fashion_market"
102-->src\main\AndroidManifest.xml:94:13-47
103            android:exported="false"
103-->src\main\AndroidManifest.xml:95:13-37
104            android:label="Add Fashion"
104-->src\main\AndroidManifest.xml:96:13-40
105            android:parentActivityName="com.touchizen.drawerwithbottomnavigation.MarketplaceCardActivity"
105-->src\main\AndroidManifest.xml:97:13-66
106            android:screenOrientation="portrait" />
106-->src\main\AndroidManifest.xml:98:13-49
107        <activity
107-->src\main\AndroidManifest.xml:99:9-104:52
108            android:name="com.touchizen.drawerwithbottomnavigation.Add_bikes_marekt"
108-->src\main\AndroidManifest.xml:100:13-45
109            android:exported="false"
109-->src\main\AndroidManifest.xml:101:13-37
110            android:label="Add Bikes"
110-->src\main\AndroidManifest.xml:102:13-38
111            android:parentActivityName="com.touchizen.drawerwithbottomnavigation.MarketplaceCardActivity"
111-->src\main\AndroidManifest.xml:103:13-66
112            android:screenOrientation="portrait" />
112-->src\main\AndroidManifest.xml:104:13-49
113        <activity
113-->src\main\AndroidManifest.xml:105:9-110:52
114            android:name="com.touchizen.drawerwithbottomnavigation.Add_mobile_market"
114-->src\main\AndroidManifest.xml:106:13-46
115            android:exported="false"
115-->src\main\AndroidManifest.xml:107:13-37
116            android:label="Add Mobile"
116-->src\main\AndroidManifest.xml:108:13-39
117            android:parentActivityName="com.touchizen.drawerwithbottomnavigation.MarketplaceCardActivity"
117-->src\main\AndroidManifest.xml:109:13-66
118            android:screenOrientation="portrait" />
118-->src\main\AndroidManifest.xml:110:13-49
119        <activity
119-->src\main\AndroidManifest.xml:111:9-116:52
120            android:name="com.touchizen.drawerwithbottomnavigation.Add_cars_market"
120-->src\main\AndroidManifest.xml:112:13-44
121            android:exported="false"
121-->src\main\AndroidManifest.xml:113:13-37
122            android:label="Add Cars"
122-->src\main\AndroidManifest.xml:114:13-37
123            android:parentActivityName="com.touchizen.drawerwithbottomnavigation.MarketplaceCardActivity"
123-->src\main\AndroidManifest.xml:115:13-66
124            android:screenOrientation="portrait" />
124-->src\main\AndroidManifest.xml:116:13-49
125        <activity
125-->src\main\AndroidManifest.xml:117:9-122:52
126            android:name="com.touchizen.drawerwithbottomnavigation.Add_furniture_market"
126-->src\main\AndroidManifest.xml:118:13-49
127            android:exported="false"
127-->src\main\AndroidManifest.xml:119:13-37
128            android:label="Add Furniture"
128-->src\main\AndroidManifest.xml:120:13-42
129            android:parentActivityName="com.touchizen.drawerwithbottomnavigation.MarketplaceCardActivity"
129-->src\main\AndroidManifest.xml:121:13-66
130            android:screenOrientation="portrait" />
130-->src\main\AndroidManifest.xml:122:13-49
131        <activity
131-->src\main\AndroidManifest.xml:123:9-128:52
132            android:name="com.touchizen.drawerwithbottomnavigation.Add_tennis_court"
132-->src\main\AndroidManifest.xml:124:13-45
133            android:exported="false"
133-->src\main\AndroidManifest.xml:125:13-37
134            android:label="Add Tennis Court facility"
134-->src\main\AndroidManifest.xml:126:13-54
135            android:parentActivityName="com.touchizen.drawerwithbottomnavigation.FacilitiesCardActivity"
135-->src\main\AndroidManifest.xml:127:13-65
136            android:screenOrientation="portrait" />
136-->src\main\AndroidManifest.xml:128:13-49
137        <activity
137-->src\main\AndroidManifest.xml:129:9-134:52
138            android:name="com.touchizen.drawerwithbottomnavigation.add_theator_activity"
138-->src\main\AndroidManifest.xml:130:13-49
139            android:exported="false"
139-->src\main\AndroidManifest.xml:131:13-37
140            android:label="Add Theator facility"
140-->src\main\AndroidManifest.xml:132:13-49
141            android:parentActivityName="com.touchizen.drawerwithbottomnavigation.FacilitiesCardActivity"
141-->src\main\AndroidManifest.xml:133:13-65
142            android:screenOrientation="portrait" />
142-->src\main\AndroidManifest.xml:134:13-49
143        <activity
143-->src\main\AndroidManifest.xml:135:9-140:52
144            android:name="com.touchizen.drawerwithbottomnavigation.Add_library_facility"
144-->src\main\AndroidManifest.xml:136:13-49
145            android:exported="false"
145-->src\main\AndroidManifest.xml:137:13-37
146            android:label="Add Library facility"
146-->src\main\AndroidManifest.xml:138:13-49
147            android:parentActivityName="com.touchizen.drawerwithbottomnavigation.FacilitiesCardActivity"
147-->src\main\AndroidManifest.xml:139:13-65
148            android:screenOrientation="portrait" />
148-->src\main\AndroidManifest.xml:140:13-49
149        <activity
149-->src\main\AndroidManifest.xml:141:9-146:52
150            android:name="com.touchizen.drawerwithbottomnavigation.parking.Request_Parking"
150-->src\main\AndroidManifest.xml:142:13-52
151            android:exported="false"
151-->src\main\AndroidManifest.xml:143:13-37
152            android:label="Request Parking"
152-->src\main\AndroidManifest.xml:144:13-44
153            android:parentActivityName="com.touchizen.drawerwithbottomnavigation.VisitorsCardActivity"
153-->src\main\AndroidManifest.xml:145:13-63
154            android:screenOrientation="portrait" />
154-->src\main\AndroidManifest.xml:146:13-49
155        <activity
155-->src\main\AndroidManifest.xml:147:9-152:52
156            android:name="com.touchizen.drawerwithbottomnavigation.DeliverAddVisitor"
156-->src\main\AndroidManifest.xml:148:13-46
157            android:exported="false"
157-->src\main\AndroidManifest.xml:149:13-37
158            android:label="Delivery Add Visitor"
158-->src\main\AndroidManifest.xml:150:13-49
159            android:parentActivityName="com.touchizen.drawerwithbottomnavigation.VisitorsCardActivity"
159-->src\main\AndroidManifest.xml:151:13-63
160            android:screenOrientation="portrait" />
160-->src\main\AndroidManifest.xml:152:13-49
161        <activity
161-->src\main\AndroidManifest.xml:153:9-158:52
162            android:name="com.touchizen.drawerwithbottomnavigation.Autocabvisitor"
162-->src\main\AndroidManifest.xml:154:13-43
163            android:exported="false"
163-->src\main\AndroidManifest.xml:155:13-37
164            android:label="Autocab Visitor"
164-->src\main\AndroidManifest.xml:156:13-44
165            android:parentActivityName="com.touchizen.drawerwithbottomnavigation.VisitorsCardActivity"
165-->src\main\AndroidManifest.xml:157:13-63
166            android:screenOrientation="portrait" />
166-->src\main\AndroidManifest.xml:158:13-49
167        <activity
167-->src\main\AndroidManifest.xml:159:9-164:52
168            android:name="com.touchizen.drawerwithbottomnavigation.ExceptedVisitor"
168-->src\main\AndroidManifest.xml:160:13-44
169            android:exported="false"
169-->src\main\AndroidManifest.xml:161:13-37
170            android:label="Expected Visitor"
170-->src\main\AndroidManifest.xml:162:13-45
171            android:parentActivityName="com.touchizen.drawerwithbottomnavigation.VisitorsCardActivity"
171-->src\main\AndroidManifest.xml:163:13-63
172            android:screenOrientation="portrait" />
172-->src\main\AndroidManifest.xml:164:13-49
173        <activity
173-->src\main\AndroidManifest.xml:165:9-170:52
174            android:name="com.touchizen.drawerwithbottomnavigation.DailyVisitorPage"
174-->src\main\AndroidManifest.xml:166:13-45
175            android:exported="false"
175-->src\main\AndroidManifest.xml:167:13-37
176            android:label="Expected Visitor"
176-->src\main\AndroidManifest.xml:168:13-45
177            android:parentActivityName="com.touchizen.drawerwithbottomnavigation.VisitorsCardActivity"
177-->src\main\AndroidManifest.xml:169:13-63
178            android:screenOrientation="portrait" />
178-->src\main\AndroidManifest.xml:170:13-49
179        <activity
179-->src\main\AndroidManifest.xml:171:9-176:52
180            android:name="com.touchizen.drawerwithbottomnavigation.add_common_plot"
180-->src\main\AndroidManifest.xml:172:13-44
181            android:exported="false"
181-->src\main\AndroidManifest.xml:173:13-37
182            android:label="Add CommonPlot facility"
182-->src\main\AndroidManifest.xml:174:13-52
183            android:parentActivityName="com.touchizen.drawerwithbottomnavigation.FacilitiesCardActivity"
183-->src\main\AndroidManifest.xml:175:13-65
184            android:screenOrientation="portrait" />
184-->src\main\AndroidManifest.xml:176:13-49
185        <activity
185-->src\main\AndroidManifest.xml:177:9-182:52
186            android:name="com.touchizen.drawerwithbottomnavigation.add_game_zone_facilities"
186-->src\main\AndroidManifest.xml:178:13-53
187            android:exported="false"
187-->src\main\AndroidManifest.xml:179:13-37
188            android:label="Add GameZone facility"
188-->src\main\AndroidManifest.xml:180:13-50
189            android:parentActivityName="com.touchizen.drawerwithbottomnavigation.FacilitiesCardActivity"
189-->src\main\AndroidManifest.xml:181:13-65
190            android:screenOrientation="portrait" />
190-->src\main\AndroidManifest.xml:182:13-49
191        <activity
191-->src\main\AndroidManifest.xml:183:9-188:52
192            android:name="com.touchizen.drawerwithbottomnavigation.add_auditarium"
192-->src\main\AndroidManifest.xml:184:13-43
193            android:exported="false"
193-->src\main\AndroidManifest.xml:185:13-37
194            android:label="Add Auditorium facility"
194-->src\main\AndroidManifest.xml:186:13-52
195            android:parentActivityName="com.touchizen.drawerwithbottomnavigation.FacilitiesCardActivity"
195-->src\main\AndroidManifest.xml:187:13-65
196            android:screenOrientation="portrait" />
196-->src\main\AndroidManifest.xml:188:13-49
197        <activity
197-->src\main\AndroidManifest.xml:189:9-194:52
198            android:name="com.touchizen.drawerwithbottomnavigation.add_gym_facility"
198-->src\main\AndroidManifest.xml:190:13-45
199            android:exported="false"
199-->src\main\AndroidManifest.xml:191:13-37
200            android:label="Add GYM facility"
200-->src\main\AndroidManifest.xml:192:13-45
201            android:parentActivityName="com.touchizen.drawerwithbottomnavigation.FacilitiesCardActivity"
201-->src\main\AndroidManifest.xml:193:13-65
202            android:screenOrientation="portrait" />
202-->src\main\AndroidManifest.xml:194:13-49
203        <activity
203-->src\main\AndroidManifest.xml:195:9-200:52
204            android:name="com.touchizen.drawerwithbottomnavigation.add_garden_facility"
204-->src\main\AndroidManifest.xml:196:13-48
205            android:exported="false"
205-->src\main\AndroidManifest.xml:197:13-37
206            android:label="Add Garden facility"
206-->src\main\AndroidManifest.xml:198:13-48
207            android:parentActivityName="com.touchizen.drawerwithbottomnavigation.FacilitiesCardActivity"
207-->src\main\AndroidManifest.xml:199:13-65
208            android:screenOrientation="portrait" />
208-->src\main\AndroidManifest.xml:200:13-49
209        <activity
209-->src\main\AndroidManifest.xml:201:9-206:52
210            android:name="com.touchizen.drawerwithbottomnavigation.ContactTeamCardActivity"
210-->src\main\AndroidManifest.xml:202:13-52
211            android:exported="false"
211-->src\main\AndroidManifest.xml:203:13-37
212            android:label="Contact Team"
212-->src\main\AndroidManifest.xml:204:13-41
213            android:parentActivityName="com.touchizen.drawerwithbottomnavigation.MainActivity"
213-->src\main\AndroidManifest.xml:205:13-55
214            android:screenOrientation="portrait" />
214-->src\main\AndroidManifest.xml:206:13-49
215        <activity
215-->src\main\AndroidManifest.xml:207:9-212:52
216            android:name="com.touchizen.drawerwithbottomnavigation.GalleryCardActivity"
216-->src\main\AndroidManifest.xml:208:13-48
217            android:exported="false"
217-->src\main\AndroidManifest.xml:209:13-37
218            android:label="Gallary"
218-->src\main\AndroidManifest.xml:210:13-36
219            android:parentActivityName="com.touchizen.drawerwithbottomnavigation.MainActivity"
219-->src\main\AndroidManifest.xml:211:13-55
220            android:screenOrientation="portrait" />
220-->src\main\AndroidManifest.xml:212:13-49
221        <activity
221-->src\main\AndroidManifest.xml:213:9-218:52
222            android:name="com.touchizen.drawerwithbottomnavigation.MyProfileCardActivity"
222-->src\main\AndroidManifest.xml:214:13-50
223            android:exported="false"
223-->src\main\AndroidManifest.xml:215:13-37
224            android:label="My Profile"
224-->src\main\AndroidManifest.xml:216:13-39
225            android:parentActivityName="com.touchizen.drawerwithbottomnavigation.MainActivity"
225-->src\main\AndroidManifest.xml:217:13-55
226            android:screenOrientation="portrait" />
226-->src\main\AndroidManifest.xml:218:13-49
227        <activity
227-->src\main\AndroidManifest.xml:219:9-224:52
228            android:name="com.touchizen.drawerwithbottomnavigation.MarketplaceCardActivity"
228-->src\main\AndroidManifest.xml:220:13-52
229            android:exported="false"
229-->src\main\AndroidManifest.xml:221:13-37
230            android:label="Market Place"
230-->src\main\AndroidManifest.xml:222:13-41
231            android:parentActivityName="com.touchizen.drawerwithbottomnavigation.MainActivity"
231-->src\main\AndroidManifest.xml:223:13-55
232            android:screenOrientation="portrait" />
232-->src\main\AndroidManifest.xml:224:13-49
233        <activity
233-->src\main\AndroidManifest.xml:225:9-230:52
234            android:name="com.touchizen.drawerwithbottomnavigation.SosCardActivity"
234-->src\main\AndroidManifest.xml:226:13-44
235            android:exported="false"
235-->src\main\AndroidManifest.xml:227:13-37
236            android:label="SOS"
236-->src\main\AndroidManifest.xml:228:13-32
237            android:parentActivityName="com.touchizen.drawerwithbottomnavigation.MainActivity"
237-->src\main\AndroidManifest.xml:229:13-55
238            android:screenOrientation="portrait" />
238-->src\main\AndroidManifest.xml:230:13-49
239        <activity
239-->src\main\AndroidManifest.xml:231:9-236:52
240            android:name="com.touchizen.drawerwithbottomnavigation.ServiceProviderCardActivity"
240-->src\main\AndroidManifest.xml:232:13-56
241            android:exported="false"
241-->src\main\AndroidManifest.xml:233:13-37
242            android:label="Service Provider"
242-->src\main\AndroidManifest.xml:234:13-45
243            android:parentActivityName="com.touchizen.drawerwithbottomnavigation.MainActivity"
243-->src\main\AndroidManifest.xml:235:13-55
244            android:screenOrientation="portrait" />
244-->src\main\AndroidManifest.xml:236:13-49
245        <activity
245-->src\main\AndroidManifest.xml:237:9-242:52
246            android:name="com.touchizen.drawerwithbottomnavigation.EmergencyNumberCardActivity"
246-->src\main\AndroidManifest.xml:238:13-56
247            android:exported="false"
247-->src\main\AndroidManifest.xml:239:13-37
248            android:label="Emergency Numbers"
248-->src\main\AndroidManifest.xml:240:13-46
249            android:parentActivityName="com.touchizen.drawerwithbottomnavigation.MainActivity"
249-->src\main\AndroidManifest.xml:241:13-55
250            android:screenOrientation="portrait" />
250-->src\main\AndroidManifest.xml:242:13-49
251        <activity
251-->src\main\AndroidManifest.xml:243:9-248:52
252            android:name="com.touchizen.drawerwithbottomnavigation.FacilitiesCardActivity"
252-->src\main\AndroidManifest.xml:244:13-51
253            android:exported="false"
253-->src\main\AndroidManifest.xml:245:13-37
254            android:label="Facilities"
254-->src\main\AndroidManifest.xml:246:13-39
255            android:parentActivityName="com.touchizen.drawerwithbottomnavigation.MainActivity"
255-->src\main\AndroidManifest.xml:247:13-55
256            android:screenOrientation="portrait" />
256-->src\main\AndroidManifest.xml:248:13-49
257        <activity
257-->src\main\AndroidManifest.xml:249:9-254:52
258            android:name="com.touchizen.drawerwithbottomnavigation.ParkingCardActivity"
258-->src\main\AndroidManifest.xml:250:13-48
259            android:exported="false"
259-->src\main\AndroidManifest.xml:251:13-37
260            android:label="Parking"
260-->src\main\AndroidManifest.xml:252:13-36
261            android:parentActivityName="com.touchizen.drawerwithbottomnavigation.MainActivity"
261-->src\main\AndroidManifest.xml:253:13-55
262            android:screenOrientation="portrait" />
262-->src\main\AndroidManifest.xml:254:13-49
263        <activity
263-->src\main\AndroidManifest.xml:255:9-260:52
264            android:name="com.touchizen.drawerwithbottomnavigation.VisitorsCardActivity"
264-->src\main\AndroidManifest.xml:256:13-49
265            android:exported="false"
265-->src\main\AndroidManifest.xml:257:13-37
266            android:label="Visitor"
266-->src\main\AndroidManifest.xml:258:13-36
267            android:parentActivityName="com.touchizen.drawerwithbottomnavigation.MainActivity"
267-->src\main\AndroidManifest.xml:259:13-55
268            android:screenOrientation="portrait" />
268-->src\main\AndroidManifest.xml:260:13-49
269        <activity
269-->src\main\AndroidManifest.xml:261:9-266:52
270            android:name="com.touchizen.drawerwithbottomnavigation.MemberCardActivity"
270-->src\main\AndroidManifest.xml:262:13-47
271            android:exported="false"
271-->src\main\AndroidManifest.xml:263:13-37
272            android:label="Members"
272-->src\main\AndroidManifest.xml:264:13-36
273            android:parentActivityName="com.touchizen.drawerwithbottomnavigation.MainActivity"
273-->src\main\AndroidManifest.xml:265:13-55
274            android:screenOrientation="portrait" />
274-->src\main\AndroidManifest.xml:266:13-49
275        <activity
275-->src\main\AndroidManifest.xml:267:9-273:20
276            android:name="com.touchizen.drawerwithbottomnavigation.MainActivity"
276-->src\main\AndroidManifest.xml:268:13-41
277            android:label="@string/app_name"
277-->src\main\AndroidManifest.xml:269:13-45
278            android:screenOrientation="portrait"
278-->src\main\AndroidManifest.xml:270:13-49
279            android:theme="@style/AppTheme.NoActionBar" >
279-->src\main\AndroidManifest.xml:271:13-56
280        </activity>
281
282        <service
282-->[com.google.firebase:firebase-database:20.0.3] AndroidManifest.xml:29:9-35:19
283            android:name="com.google.firebase.components.ComponentDiscoveryService"
283-->[com.google.firebase:firebase-database:20.0.3] AndroidManifest.xml:30:13-84
284            android:directBootAware="true"
284-->[com.google.firebase:firebase-common:20.1.0] AndroidManifest.xml:35:13-43
285            android:exported="false" >
285-->[com.google.firebase:firebase-database:20.0.3] AndroidManifest.xml:31:13-37
286            <meta-data
286-->[com.google.firebase:firebase-database:20.0.3] AndroidManifest.xml:32:13-34:85
287                android:name="com.google.firebase.components:com.google.firebase.database.DatabaseRegistrar"
287-->[com.google.firebase:firebase-database:20.0.3] AndroidManifest.xml:33:17-109
288                android:value="com.google.firebase.components.ComponentRegistrar" />
288-->[com.google.firebase:firebase-database:20.0.3] AndroidManifest.xml:34:17-82
289            <meta-data
289-->[com.google.firebase:firebase-storage:20.0.0] AndroidManifest.xml:33:13-35:85
290                android:name="com.google.firebase.components:com.google.firebase.storage.StorageRegistrar"
290-->[com.google.firebase:firebase-storage:20.0.0] AndroidManifest.xml:34:17-107
291                android:value="com.google.firebase.components.ComponentRegistrar" />
291-->[com.google.firebase:firebase-storage:20.0.0] AndroidManifest.xml:35:17-82
292            <meta-data
292-->[com.google.firebase:firebase-auth:21.0.3] AndroidManifest.xml:67:13-69:85
293                android:name="com.google.firebase.components:com.google.firebase.auth.FirebaseAuthRegistrar"
293-->[com.google.firebase:firebase-auth:21.0.3] AndroidManifest.xml:68:17-109
294                android:value="com.google.firebase.components.ComponentRegistrar" />
294-->[com.google.firebase:firebase-auth:21.0.3] AndroidManifest.xml:69:17-82
295        </service>
296
297        <activity
297-->[com.google.firebase:firebase-auth:21.0.3] AndroidManifest.xml:27:9-44:20